<?xml version="1.0" encoding="UTF-8"?>
<!-- Generated by org.testng.reporters.JUnitReportReporter -->
<testsuite hostname="DESKTOP-VPG8QQH" failures="0" tests="1" name="com.alokai.tests.ShoppingTest" time="5.713" errors="0" timestamp="2025-01-06T15:28:33 GMT" skipped="0">
  <testcase classname="com.alokai.tests.ShoppingTest" name="RegisterTest" time="5.713"/>
  <system-out/>
</testsuite> <!-- com.alokai.tests.ShoppingTest -->
